[0.100s] DEBUG:colcon:Command line arguments: ['/usr/bin/colcon', 'build', '--symlink-install']
[0.100s] DEBUG:colcon:Parsed command line arguments: Namespace(log_base=None, log_level=None, verb_name='build', build_base='build', install_base='install', merge_install=False, symlink_install=True, test_result_base=None, continue_on_error=False, executor='parallel', parallel_workers=20, event_handlers=None, ignore_user_meta=False, metas=['./colcon.meta'], base_paths=['.'], packages_ignore=None, packages_ignore_regex=None, paths=None, packages_up_to=None, packages_up_to_regex=None, packages_above=None, packages_above_and_dependencies=None, packages_above_depth=None, packages_select_by_dep=None, packages_skip_by_dep=None, packages_skip_up_to=None, packages_select_build_failed=False, packages_skip_build_finished=False, packages_select_test_failures=False, packages_skip_test_passed=False, packages_select=None, packages_skip=None, packages_select_regex=None, packages_skip_regex=None, packages_start=None, packages_end=None, allow_overriding=[], cmake_args=None, cmake_target=None, cmake_target_skip_unavailable=False, cmake_clean_cache=False, cmake_clean_first=False, cmake_force_configure=False, ament_cmake_args=None, catkin_cmake_args=None, catkin_skip_building_tests=False, mixin_files=None, mixin=None, verb_parser=<colcon_mixin.mixin.mixin_argument.MixinArgumentDecorator object at 0x7a3ad6b7b400>, verb_extension=<colcon_core.verb.build.BuildVerb object at 0x7a3ad6b28e20>, main=<bound method BuildVerb.main of <colcon_core.verb.build.BuildVerb object at 0x7a3ad6b28e20>>, mixin_verb=('build',))
[0.278s] Level 1:colcon.colcon_core.package_discovery:discover_packages(colcon_meta) check parameters
[0.278s] Level 1:colcon.colcon_core.package_discovery:discover_packages(recursive) check parameters
[0.278s] Level 1:colcon.colcon_core.package_discovery:discover_packages(ignore) check parameters
[0.278s] Level 1:colcon.colcon_core.package_discovery:discover_packages(path) check parameters
[0.278s] Level 1:colcon.colcon_core.package_discovery:discover_packages(colcon_meta) discover
[0.278s] Level 1:colcon.colcon_core.package_discovery:discover_packages(recursive) discover
[0.278s] INFO:colcon.colcon_core.package_discovery:Crawling recursively for packages in '/home/aj/maze_solver_ws'
[0.278s] Level 1:colcon.colcon_core.package_identification:_identify(.) by extensions ['ignore', 'ignore_ament_install']
[0.278s] Level 1:colcon.colcon_core.package_identification:_identify(.) by extension 'ignore'
[0.279s] Level 1:colcon.colcon_core.package_identification:_identify(.) by extension 'ignore_ament_install'
[0.279s] Level 1:colcon.colcon_core.package_identification:_identify(.) by extensions ['colcon_pkg']
[0.279s] Level 1:colcon.colcon_core.package_identification:_identify(.) by extension 'colcon_pkg'
[0.279s] Level 1:colcon.colcon_core.package_identification:_identify(.) by extensions ['colcon_meta']
[0.279s] Level 1:colcon.colcon_core.package_identification:_identify(.) by extension 'colcon_meta'
[0.279s] Level 1:colcon.colcon_core.package_identification:_identify(.) by extensions ['ros']
[0.279s] Level 1:colcon.colcon_core.package_identification:_identify(.) by extension 'ros'
[0.295s] Level 1:colcon.colcon_core.package_identification:_identify(.) by extensions ['cmake', 'python']
[0.295s] Level 1:colcon.colcon_core.package_identification:_identify(.) by extension 'cmake'
[0.295s] Level 1:colcon.colcon_core.package_identification:_identify(.) by extension 'python'
[0.295s] Level 1:colcon.colcon_core.package_identification:_identify(.) by extensions ['python_setup_py']
[0.295s] Level 1:colcon.colcon_core.package_identification:_identify(.) by extension 'python_setup_py'
[0.295s] Level 1:colcon.colcon_core.package_identification:_identify(build) by extensions ['ignore', 'ignore_ament_install']
[0.295s] Level 1:colcon.colcon_core.package_identification:_identify(build) by extension 'ignore'
[0.295s] Level 1:colcon.colcon_core.package_identification:_identify(build) ignored
[0.296s] Level 1:colcon.colcon_core.package_identification:_identify(debug) by extensions ['ignore', 'ignore_ament_install']
[0.296s] Level 1:colcon.colcon_core.package_identification:_identify(debug) by extension 'ignore'
[0.296s] Level 1:colcon.colcon_core.package_identification:_identify(debug) by extension 'ignore_ament_install'
[0.296s] Level 1:colcon.colcon_core.package_identification:_identify(debug) by extensions ['colcon_pkg']
[0.296s] Level 1:colcon.colcon_core.package_identification:_identify(debug) by extension 'colcon_pkg'
[0.296s] Level 1:colcon.colcon_core.package_identification:_identify(debug) by extensions ['colcon_meta']
[0.296s] Level 1:colcon.colcon_core.package_identification:_identify(debug) by extension 'colcon_meta'
[0.296s] Level 1:colcon.colcon_core.package_identification:_identify(debug) by extensions ['ros']
[0.296s] Level 1:colcon.colcon_core.package_identification:_identify(debug) by extension 'ros'
[0.296s] Level 1:colcon.colcon_core.package_identification:_identify(debug) by extensions ['cmake', 'python']
[0.296s] Level 1:colcon.colcon_core.package_identification:_identify(debug) by extension 'cmake'
[0.296s] Level 1:colcon.colcon_core.package_identification:_identify(debug) by extension 'python'
[0.296s] Level 1:colcon.colcon_core.package_identification:_identify(debug) by extensions ['python_setup_py']
[0.296s] Level 1:colcon.colcon_core.package_identification:_identify(debug) by extension 'python_setup_py'
[0.296s] Level 1:colcon.colcon_core.package_identification:_identify(debug/run_20251103_081324) by extensions ['ignore', 'ignore_ament_install']
[0.296s] Level 1:colcon.colcon_core.package_identification:_identify(debug/run_20251103_081324) by extension 'ignore'
[0.296s] Level 1:colcon.colcon_core.package_identification:_identify(debug/run_20251103_081324) by extension 'ignore_ament_install'
[0.296s] Level 1:colcon.colcon_core.package_identification:_identify(debug/run_20251103_081324) by extensions ['colcon_pkg']
[0.296s] Level 1:colcon.colcon_core.package_identification:_identify(debug/run_20251103_081324) by extension 'colcon_pkg'
[0.296s] Level 1:colcon.colcon_core.package_identification:_identify(debug/run_20251103_081324) by extensions ['colcon_meta']
[0.296s] Level 1:colcon.colcon_core.package_identification:_identify(debug/run_20251103_081324) by extension 'colcon_meta'
[0.296s] Level 1:colcon.colcon_core.package_identification:_identify(debug/run_20251103_081324) by extensions ['ros']
[0.297s] Level 1:colcon.colcon_core.package_identification:_identify(debug/run_20251103_081324) by extension 'ros'
[0.297s] Level 1:colcon.colcon_core.package_identification:_identify(debug/run_20251103_081324) by extensions ['cmake', 'python']
[0.297s] Level 1:colcon.colcon_core.package_identification:_identify(debug/run_20251103_081324) by extension 'cmake'
[0.297s] Level 1:colcon.colcon_core.package_identification:_identify(debug/run_20251103_081324) by extension 'python'
[0.297s] Level 1:colcon.colcon_core.package_identification:_identify(debug/run_20251103_081324) by extensions ['python_setup_py']
[0.297s] Level 1:colcon.colcon_core.package_identification:_identify(debug/run_20251103_081324) by extension 'python_setup_py'
[0.297s] Level 1:colcon.colcon_core.package_identification:_identify(debug/run_20251103_081725) by extensions ['ignore', 'ignore_ament_install']
[0.297s] Level 1:colcon.colcon_core.package_identification:_identify(debug/run_20251103_081725) by extension 'ignore'
[0.297s] Level 1:colcon.colcon_core.package_identification:_identify(debug/run_20251103_081725) by extension 'ignore_ament_install'
[0.297s] Level 1:colcon.colcon_core.package_identification:_identify(debug/run_20251103_081725) by extensions ['colcon_pkg']
[0.297s] Level 1:colcon.colcon_core.package_identification:_identify(debug/run_20251103_081725) by extension 'colcon_pkg'
[0.297s] Level 1:colcon.colcon_core.package_identification:_identify(debug/run_20251103_081725) by extensions ['colcon_meta']
[0.297s] Level 1:colcon.colcon_core.package_identification:_identify(debug/run_20251103_081725) by extension 'colcon_meta'
[0.297s] Level 1:colcon.colcon_core.package_identification:_identify(debug/run_20251103_081725) by extensions ['ros']
[0.297s] Level 1:colcon.colcon_core.package_identification:_identify(debug/run_20251103_081725) by extension 'ros'
[0.297s] Level 1:colcon.colcon_core.package_identification:_identify(debug/run_20251103_081725) by extensions ['cmake', 'python']
[0.297s] Level 1:colcon.colcon_core.package_identification:_identify(debug/run_20251103_081725) by extension 'cmake'
[0.297s] Level 1:colcon.colcon_core.package_identification:_identify(debug/run_20251103_081725) by extension 'python'
[0.297s] Level 1:colcon.colcon_core.package_identification:_identify(debug/run_20251103_081725) by extensions ['python_setup_py']
[0.297s] Level 1:colcon.colcon_core.package_identification:_identify(debug/run_20251103_081725) by extension 'python_setup_py'
[0.297s] Level 1:colcon.colcon_core.package_identification:_identify(debug/run_20251103_090159) by extensions ['ignore', 'ignore_ament_install']
[0.297s] Level 1:colcon.colcon_core.package_identification:_identify(debug/run_20251103_090159) by extension 'ignore'
[0.298s] Level 1:colcon.colcon_core.package_identification:_identify(debug/run_20251103_090159) by extension 'ignore_ament_install'
[0.298s] Level 1:colcon.colcon_core.package_identification:_identify(debug/run_20251103_090159) by extensions ['colcon_pkg']
[0.298s] Level 1:colcon.colcon_core.package_identification:_identify(debug/run_20251103_090159) by extension 'colcon_pkg'
[0.298s] Level 1:colcon.colcon_core.package_identification:_identify(debug/run_20251103_090159) by extensions ['colcon_meta']
[0.298s] Level 1:colcon.colcon_core.package_identification:_identify(debug/run_20251103_090159) by extension 'colcon_meta'
[0.298s] Level 1:colcon.colcon_core.package_identification:_identify(debug/run_20251103_090159) by extensions ['ros']
[0.298s] Level 1:colcon.colcon_core.package_identification:_identify(debug/run_20251103_090159) by extension 'ros'
[0.298s] Level 1:colcon.colcon_core.package_identification:_identify(debug/run_20251103_090159) by extensions ['cmake', 'python']
[0.298s] Level 1:colcon.colcon_core.package_identification:_identify(debug/run_20251103_090159) by extension 'cmake'
[0.298s] Level 1:colcon.colcon_core.package_identification:_identify(debug/run_20251103_090159) by extension 'python'
[0.298s] Level 1:colcon.colcon_core.package_identification:_identify(debug/run_20251103_090159) by extensions ['python_setup_py']
[0.298s] Level 1:colcon.colcon_core.package_identification:_identify(debug/run_20251103_090159) by extension 'python_setup_py'
[0.298s] Level 1:colcon.colcon_core.package_identification:_identify(debug/run_20251103_090627) by extensions ['ignore', 'ignore_ament_install']
[0.298s] Level 1:colcon.colcon_core.package_identification:_identify(debug/run_20251103_090627) by extension 'ignore'
[0.298s] Level 1:colcon.colcon_core.package_identification:_identify(debug/run_20251103_090627) by extension 'ignore_ament_install'
[0.298s] Level 1:colcon.colcon_core.package_identification:_identify(debug/run_20251103_090627) by extensions ['colcon_pkg']
[0.298s] Level 1:colcon.colcon_core.package_identification:_identify(debug/run_20251103_090627) by extension 'colcon_pkg'
[0.298s] Level 1:colcon.colcon_core.package_identification:_identify(debug/run_20251103_090627) by extensions ['colcon_meta']
[0.298s] Level 1:colcon.colcon_core.package_identification:_identify(debug/run_20251103_090627) by extension 'colcon_meta'
[0.298s] Level 1:colcon.colcon_core.package_identification:_identify(debug/run_20251103_090627) by extensions ['ros']
[0.298s] Level 1:colcon.colcon_core.package_identification:_identify(debug/run_20251103_090627) by extension 'ros'
[0.298s] Level 1:colcon.colcon_core.package_identification:_identify(debug/run_20251103_090627) by extensions ['cmake', 'python']
[0.298s] Level 1:colcon.colcon_core.package_identification:_identify(debug/run_20251103_090627) by extension 'cmake'
[0.298s] Level 1:colcon.colcon_core.package_identification:_identify(debug/run_20251103_090627) by extension 'python'
[0.298s] Level 1:colcon.colcon_core.package_identification:_identify(debug/run_20251103_090627) by extensions ['python_setup_py']
[0.298s] Level 1:colcon.colcon_core.package_identification:_identify(debug/run_20251103_090627) by extension 'python_setup_py'
[0.299s] Level 1:colcon.colcon_core.package_identification:_identify(debug/run_20251103_112041) by extensions ['ignore', 'ignore_ament_install']
[0.299s] Level 1:colcon.colcon_core.package_identification:_identify(debug/run_20251103_112041) by extension 'ignore'
[0.299s] Level 1:colcon.colcon_core.package_identification:_identify(debug/run_20251103_112041) by extension 'ignore_ament_install'
[0.299s] Level 1:colcon.colcon_core.package_identification:_identify(debug/run_20251103_112041) by extensions ['colcon_pkg']
[0.299s] Level 1:colcon.colcon_core.package_identification:_identify(debug/run_20251103_112041) by extension 'colcon_pkg'
[0.299s] Level 1:colcon.colcon_core.package_identification:_identify(debug/run_20251103_112041) by extensions ['colcon_meta']
[0.299s] Level 1:colcon.colcon_core.package_identification:_identify(debug/run_20251103_112041) by extension 'colcon_meta'
[0.299s] Level 1:colcon.colcon_core.package_identification:_identify(debug/run_20251103_112041) by extensions ['ros']
[0.299s] Level 1:colcon.colcon_core.package_identification:_identify(debug/run_20251103_112041) by extension 'ros'
[0.299s] Level 1:colcon.colcon_core.package_identification:_identify(debug/run_20251103_112041) by extensions ['cmake', 'python']
[0.299s] Level 1:colcon.colcon_core.package_identification:_identify(debug/run_20251103_112041) by extension 'cmake'
[0.299s] Level 1:colcon.colcon_core.package_identification:_identify(debug/run_20251103_112041) by extension 'python'
[0.299s] Level 1:colcon.colcon_core.package_identification:_identify(debug/run_20251103_112041) by extensions ['python_setup_py']
[0.299s] Level 1:colcon.colcon_core.package_identification:_identify(debug/run_20251103_112041) by extension 'python_setup_py'
[0.299s] Level 1:colcon.colcon_core.package_identification:_identify(debug/run_20251103_112351) by extensions ['ignore', 'ignore_ament_install']
[0.299s] Level 1:colcon.colcon_core.package_identification:_identify(debug/run_20251103_112351) by extension 'ignore'
[0.299s] Level 1:colcon.colcon_core.package_identification:_identify(debug/run_20251103_112351) by extension 'ignore_ament_install'
[0.299s] Level 1:colcon.colcon_core.package_identification:_identify(debug/run_20251103_112351) by extensions ['colcon_pkg']
[0.299s] Level 1:colcon.colcon_core.package_identification:_identify(debug/run_20251103_112351) by extension 'colcon_pkg'
[0.299s] Level 1:colcon.colcon_core.package_identification:_identify(debug/run_20251103_112351) by extensions ['colcon_meta']
[0.299s] Level 1:colcon.colcon_core.package_identification:_identify(debug/run_20251103_112351) by extension 'colcon_meta'
[0.299s] Level 1:colcon.colcon_core.package_identification:_identify(debug/run_20251103_112351) by extensions ['ros']
[0.299s] Level 1:colcon.colcon_core.package_identification:_identify(debug/run_20251103_112351) by extension 'ros'
[0.299s] Level 1:colcon.colcon_core.package_identification:_identify(debug/run_20251103_112351) by extensions ['cmake', 'python']
[0.300s] Level 1:colcon.colcon_core.package_identification:_identify(debug/run_20251103_112351) by extension 'cmake'
[0.300s] Level 1:colcon.colcon_core.package_identification:_identify(debug/run_20251103_112351) by extension 'python'
[0.300s] Level 1:colcon.colcon_core.package_identification:_identify(debug/run_20251103_112351) by extensions ['python_setup_py']
[0.300s] Level 1:colcon.colcon_core.package_identification:_identify(debug/run_20251103_112351) by extension 'python_setup_py'
[0.300s] Level 1:colcon.colcon_core.package_identification:_identify(debug/run_20251103_130907) by extensions ['ignore', 'ignore_ament_install']
[0.300s] Level 1:colcon.colcon_core.package_identification:_identify(debug/run_20251103_130907) by extension 'ignore'
[0.300s] Level 1:colcon.colcon_core.package_identification:_identify(debug/run_20251103_130907) by extension 'ignore_ament_install'
[0.300s] Level 1:colcon.colcon_core.package_identification:_identify(debug/run_20251103_130907) by extensions ['colcon_pkg']
[0.300s] Level 1:colcon.colcon_core.package_identification:_identify(debug/run_20251103_130907) by extension 'colcon_pkg'
[0.300s] Level 1:colcon.colcon_core.package_identification:_identify(debug/run_20251103_130907) by extensions ['colcon_meta']
[0.300s] Level 1:colcon.colcon_core.package_identification:_identify(debug/run_20251103_130907) by extension 'colcon_meta'
[0.300s] Level 1:colcon.colcon_core.package_identification:_identify(debug/run_20251103_130907) by extensions ['ros']
[0.300s] Level 1:colcon.colcon_core.package_identification:_identify(debug/run_20251103_130907) by extension 'ros'
[0.300s] Level 1:colcon.colcon_core.package_identification:_identify(debug/run_20251103_130907) by extensions ['cmake', 'python']
[0.300s] Level 1:colcon.colcon_core.package_identification:_identify(debug/run_20251103_130907) by extension 'cmake'
[0.300s] Level 1:colcon.colcon_core.package_identification:_identify(debug/run_20251103_130907) by extension 'python'
[0.300s] Level 1:colcon.colcon_core.package_identification:_identify(debug/run_20251103_130907) by extensions ['python_setup_py']
[0.300s] Level 1:colcon.colcon_core.package_identification:_identify(debug/run_20251103_130907) by extension 'python_setup_py'
[0.300s] Level 1:colcon.colcon_core.package_identification:_identify(debug/run_20251103_131053) by extensions ['ignore', 'ignore_ament_install']
[0.300s] Level 1:colcon.colcon_core.package_identification:_identify(debug/run_20251103_131053) by extension 'ignore'
[0.300s] Level 1:colcon.colcon_core.package_identification:_identify(debug/run_20251103_131053) by extension 'ignore_ament_install'
[0.300s] Level 1:colcon.colcon_core.package_identification:_identify(debug/run_20251103_131053) by extensions ['colcon_pkg']
[0.300s] Level 1:colcon.colcon_core.package_identification:_identify(debug/run_20251103_131053) by extension 'colcon_pkg'
[0.301s] Level 1:colcon.colcon_core.package_identification:_identify(debug/run_20251103_131053) by extensions ['colcon_meta']
[0.301s] Level 1:colcon.colcon_core.package_identification:_identify(debug/run_20251103_131053) by extension 'colcon_meta'
[0.301s] Level 1:colcon.colcon_core.package_identification:_identify(debug/run_20251103_131053) by extensions ['ros']
[0.301s] Level 1:colcon.colcon_core.package_identification:_identify(debug/run_20251103_131053) by extension 'ros'
[0.301s] Level 1:colcon.colcon_core.package_identification:_identify(debug/run_20251103_131053) by extensions ['cmake', 'python']
[0.301s] Level 1:colcon.colcon_core.package_identification:_identify(debug/run_20251103_131053) by extension 'cmake'
[0.301s] Level 1:colcon.colcon_core.package_identification:_identify(debug/run_20251103_131053) by extension 'python'
[0.301s] Level 1:colcon.colcon_core.package_identification:_identify(debug/run_20251103_131053) by extensions ['python_setup_py']
[0.301s] Level 1:colcon.colcon_core.package_identification:_identify(debug/run_20251103_131053) by extension 'python_setup_py'
[0.301s] Level 1:colcon.colcon_core.package_identification:_identify(debug/run_20251103_131125) by extensions ['ignore', 'ignore_ament_install']
[0.301s] Level 1:colcon.colcon_core.package_identification:_identify(debug/run_20251103_131125) by extension 'ignore'
[0.301s] Level 1:colcon.colcon_core.package_identification:_identify(debug/run_20251103_131125) by extension 'ignore_ament_install'
[0.301s] Level 1:colcon.colcon_core.package_identification:_identify(debug/run_20251103_131125) by extensions ['colcon_pkg']
[0.301s] Level 1:colcon.colcon_core.package_identification:_identify(debug/run_20251103_131125) by extension 'colcon_pkg'
[0.301s] Level 1:colcon.colcon_core.package_identification:_identify(debug/run_20251103_131125) by extensions ['colcon_meta']
[0.301s] Level 1:colcon.colcon_core.package_identification:_identify(debug/run_20251103_131125) by extension 'colcon_meta'
[0.301s] Level 1:colcon.colcon_core.package_identification:_identify(debug/run_20251103_131125) by extensions ['ros']
[0.301s] Level 1:colcon.colcon_core.package_identification:_identify(debug/run_20251103_131125) by extension 'ros'
[0.301s] Level 1:colcon.colcon_core.package_identification:_identify(debug/run_20251103_131125) by extensions ['cmake', 'python']
[0.301s] Level 1:colcon.colcon_core.package_identification:_identify(debug/run_20251103_131125) by extension 'cmake'
[0.301s] Level 1:colcon.colcon_core.package_identification:_identify(debug/run_20251103_131125) by extension 'python'
[0.301s] Level 1:colcon.colcon_core.package_identification:_identify(debug/run_20251103_131125) by extensions ['python_setup_py']
[0.301s] Level 1:colcon.colcon_core.package_identification:_identify(debug/run_20251103_131125) by extension 'python_setup_py'
[0.302s] Level 1:colcon.colcon_core.package_identification:_identify(debug/run_20251103_131738) by extensions ['ignore', 'ignore_ament_install']
[0.302s] Level 1:colcon.colcon_core.package_identification:_identify(debug/run_20251103_131738) by extension 'ignore'
[0.302s] Level 1:colcon.colcon_core.package_identification:_identify(debug/run_20251103_131738) by extension 'ignore_ament_install'
[0.302s] Level 1:colcon.colcon_core.package_identification:_identify(debug/run_20251103_131738) by extensions ['colcon_pkg']
[0.302s] Level 1:colcon.colcon_core.package_identification:_identify(debug/run_20251103_131738) by extension 'colcon_pkg'
[0.302s] Level 1:colcon.colcon_core.package_identification:_identify(debug/run_20251103_131738) by extensions ['colcon_meta']
[0.302s] Level 1:colcon.colcon_core.package_identification:_identify(debug/run_20251103_131738) by extension 'colcon_meta'
[0.302s] Level 1:colcon.colcon_core.package_identification:_identify(debug/run_20251103_131738) by extensions ['ros']
[0.302s] Level 1:colcon.colcon_core.package_identification:_identify(debug/run_20251103_131738) by extension 'ros'
[0.302s] Level 1:colcon.colcon_core.package_identification:_identify(debug/run_20251103_131738) by extensions ['cmake', 'python']
[0.302s] Level 1:colcon.colcon_core.package_identification:_identify(debug/run_20251103_131738) by extension 'cmake'
[0.302s] Level 1:colcon.colcon_core.package_identification:_identify(debug/run_20251103_131738) by extension 'python'
[0.302s] Level 1:colcon.colcon_core.package_identification:_identify(debug/run_20251103_131738) by extensions ['python_setup_py']
[0.302s] Level 1:colcon.colcon_core.package_identification:_identify(debug/run_20251103_131738) by extension 'python_setup_py'
[0.302s] Level 1:colcon.colcon_core.package_identification:_identify(install) by extensions ['ignore', 'ignore_ament_install']
[0.302s] Level 1:colcon.colcon_core.package_identification:_identify(install) by extension 'ignore'
[0.302s] Level 1:colcon.colcon_core.package_identification:_identify(install) ignored
[0.302s] Level 1:colcon.colcon_core.package_identification:_identify(log) by extensions ['ignore', 'ignore_ament_install']
[0.302s] Level 1:colcon.colcon_core.package_identification:_identify(log) by extension 'ignore'
[0.302s] Level 1:colcon.colcon_core.package_identification:_identify(log) ignored
[0.302s] Level 1:colcon.colcon_core.package_identification:_identify(src) by extensions ['ignore', 'ignore_ament_install']
[0.302s] Level 1:colcon.colcon_core.package_identification:_identify(src) by extension 'ignore'
[0.303s] Level 1:colcon.colcon_core.package_identification:_identify(src) by extension 'ignore_ament_install'
[0.303s] Level 1:colcon.colcon_core.package_identification:_identify(src) by extensions ['colcon_pkg']
[0.303s] Level 1:colcon.colcon_core.package_identification:_identify(src) by extension 'colcon_pkg'
[0.303s] Level 1:colcon.colcon_core.package_identification:_identify(src) by extensions ['colcon_meta']
[0.303s] Level 1:colcon.colcon_core.package_identification:_identify(src) by extension 'colcon_meta'
[0.303s] Level 1:colcon.colcon_core.package_identification:_identify(src) by extensions ['ros']
[0.303s] Level 1:colcon.colcon_core.package_identification:_identify(src) by extension 'ros'
[0.303s] Level 1:colcon.colcon_core.package_identification:_identify(src) by extensions ['cmake', 'python']
[0.303s] Level 1:colcon.colcon_core.package_identification:_identify(src) by extension 'cmake'
[0.303s] Level 1:colcon.colcon_core.package_identification:_identify(src) by extension 'python'
[0.303s] Level 1:colcon.colcon_core.package_identification:_identify(src) by extensions ['python_setup_py']
[0.303s] Level 1:colcon.colcon_core.package_identification:_identify(src) by extension 'python_setup_py'
[0.303s] Level 1:colcon.colcon_core.package_identification:_identify(src/maze_solver) by extensions ['ignore', 'ignore_ament_install']
[0.303s] Level 1:colcon.colcon_core.package_identification:_identify(src/maze_solver) by extension 'ignore'
[0.303s] Level 1:colcon.colcon_core.package_identification:_identify(src/maze_solver) by extension 'ignore_ament_install'
[0.303s] Level 1:colcon.colcon_core.package_identification:_identify(src/maze_solver) by extensions ['colcon_pkg']
[0.303s] Level 1:colcon.colcon_core.package_identification:_identify(src/maze_solver) by extension 'colcon_pkg'
[0.303s] Level 1:colcon.colcon_core.package_identification:_identify(src/maze_solver) by extensions ['colcon_meta']
[0.303s] Level 1:colcon.colcon_core.package_identification:_identify(src/maze_solver) by extension 'colcon_meta'
[0.303s] Level 1:colcon.colcon_core.package_identification:_identify(src/maze_solver) by extensions ['ros']
[0.303s] Level 1:colcon.colcon_core.package_identification:_identify(src/maze_solver) by extension 'ros'
[0.306s] DEBUG:colcon.colcon_core.package_identification:Package 'src/maze_solver' with type 'ros.ament_python' and name 'maze_solver'
[0.306s] Level 1:colcon.colcon_core.package_discovery:discover_packages(recursive) using defaults
[0.306s] Level 1:colcon.colcon_core.package_discovery:discover_packages(ignore) discover
[0.306s] Level 1:colcon.colcon_core.package_discovery:discover_packages(ignore) using defaults
[0.306s] Level 1:colcon.colcon_core.package_discovery:discover_packages(path) discover
[0.306s] Level 1:colcon.colcon_core.package_discovery:discover_packages(path) using defaults
[0.323s] Level 1:colcon.colcon_core.package_discovery:discover_packages(prefix_path) check parameters
[0.323s] Level 1:colcon.colcon_core.package_discovery:discover_packages(prefix_path) discover
[0.325s] DEBUG:colcon.colcon_installed_package_information.package_discovery:Found 278 installed packages in /opt/ros/humble
[0.327s] Level 1:colcon.colcon_core.package_discovery:discover_packages(prefix_path) using defaults
[0.362s] Level 5:colcon.colcon_core.verb:set package 'maze_solver' build argument 'cmake_args' from command line to 'None'
[0.362s] Level 5:colcon.colcon_core.verb:set package 'maze_solver' build argument 'cmake_target' from command line to 'None'
[0.362s] Level 5:colcon.colcon_core.verb:set package 'maze_solver' build argument 'cmake_target_skip_unavailable' from command line to 'False'
[0.362s] Level 5:colcon.colcon_core.verb:set package 'maze_solver' build argument 'cmake_clean_cache' from command line to 'False'
[0.362s] Level 5:colcon.colcon_core.verb:set package 'maze_solver' build argument 'cmake_clean_first' from command line to 'False'
[0.362s] Level 5:colcon.colcon_core.verb:set package 'maze_solver' build argument 'cmake_force_configure' from command line to 'False'
[0.362s] Level 5:colcon.colcon_core.verb:set package 'maze_solver' build argument 'ament_cmake_args' from command line to 'None'
[0.362s] Level 5:colcon.colcon_core.verb:set package 'maze_solver' build argument 'catkin_cmake_args' from command line to 'None'
[0.362s] Level 5:colcon.colcon_core.verb:set package 'maze_solver' build argument 'catkin_skip_building_tests' from command line to 'False'
[0.362s] DEBUG:colcon.colcon_core.verb:Building package 'maze_solver' with the following arguments: {'ament_cmake_args': None, 'build_base': '/home/aj/maze_solver_ws/build/maze_solver', 'catkin_cmake_args': None, 'catkin_skip_building_tests': False, 'cmake_args': None, 'cmake_clean_cache': False, 'cmake_clean_first': False, 'cmake_force_configure': False, 'cmake_target': None, 'cmake_target_skip_unavailable': False, 'install_base': '/home/aj/maze_solver_ws/install/maze_solver', 'merge_install': False, 'path': '/home/aj/maze_solver_ws/src/maze_solver', 'symlink_install': True, 'test_result_base': None}
[0.362s] INFO:colcon.colcon_core.executor:Executing jobs using 'parallel' executor
[0.363s] DEBUG:colcon.colcon_parallel_executor.executor.parallel:run_until_complete
[0.363s] INFO:colcon.colcon_ros.task.ament_python.build:Building ROS package in '/home/aj/maze_solver_ws/src/maze_solver' with build type 'ament_python'
[0.363s] Level 1:colcon.colcon_core.shell:create_environment_hook('maze_solver', 'ament_prefix_path')
[0.365s] INFO:colcon.colcon_core.plugin_system:Skipping extension 'colcon_core.shell.bat': Not used on non-Windows systems
[0.365s] INFO:colcon.colcon_core.shell:Creating environment hook '/home/aj/maze_solver_ws/install/maze_solver/share/maze_solver/hook/ament_prefix_path.ps1'
[0.366s] INFO:colcon.colcon_core.shell:Creating environment descriptor '/home/aj/maze_solver_ws/install/maze_solver/share/maze_solver/hook/ament_prefix_path.dsv'
[0.366s] INFO:colcon.colcon_core.shell:Creating environment hook '/home/aj/maze_solver_ws/install/maze_solver/share/maze_solver/hook/ament_prefix_path.sh'
[0.367s] INFO:colcon.colcon_core.shell:Skip shell extension 'powershell' for command environment: Not usable outside of PowerShell
[0.367s] DEBUG:colcon.colcon_core.shell:Skip shell extension 'dsv' for command environment
[0.632s] INFO:colcon.colcon_core.task.python.build:Building Python package in '/home/aj/maze_solver_ws/src/maze_solver'
[0.632s] INFO:colcon.colcon_core.shell:Skip shell extension 'powershell' for command environment: Not usable outside of PowerShell
[0.632s] DEBUG:colcon.colcon_core.shell:Skip shell extension 'dsv' for command environment
[0.956s] DEBUG:colcon.colcon_core.event_handler.log_command:Invoking command in '/home/aj/maze_solver_ws/build/maze_solver': PYTHONPATH=/home/aj/maze_solver_ws/build/maze_solver/prefix_override:/usr/lib/python3/dist-packages/colcon_core/task/python/colcon_distutils_commands:/home/aj/maze_solver_ws/install/maze_solver/lib/python3.10/site-packages:${PYTHONPATH} /usr/bin/python3 -W ignore:setup.py install is deprecated -W ignore:easy_install command is deprecated setup.py develop --editable --build-directory /home/aj/maze_solver_ws/build/maze_solver/build --no-deps symlink_data
[1.440s] Level 1:colcon.colcon_core.shell:create_environment_hook('maze_solver', 'pythonpath_develop')
[1.440s] DEBUG:colcon.colcon_core.event_handler.log_command:Invoked command in '/home/aj/maze_solver_ws/build/maze_solver' returned '0': PYTHONPATH=/home/aj/maze_solver_ws/build/maze_solver/prefix_override:/usr/lib/python3/dist-packages/colcon_core/task/python/colcon_distutils_commands:/home/aj/maze_solver_ws/install/maze_solver/lib/python3.10/site-packages:${PYTHONPATH} /usr/bin/python3 -W ignore:setup.py install is deprecated -W ignore:easy_install command is deprecated setup.py develop --editable --build-directory /home/aj/maze_solver_ws/build/maze_solver/build --no-deps symlink_data
[1.440s] INFO:colcon.colcon_core.shell:Creating environment hook '/home/aj/maze_solver_ws/build/maze_solver/share/maze_solver/hook/pythonpath_develop.ps1'
[1.441s] INFO:colcon.colcon_core.shell:Creating environment descriptor '/home/aj/maze_solver_ws/build/maze_solver/share/maze_solver/hook/pythonpath_develop.dsv'
[1.441s] INFO:colcon.colcon_core.shell:Creating environment hook '/home/aj/maze_solver_ws/build/maze_solver/share/maze_solver/hook/pythonpath_develop.sh'
[1.444s] Level 1:colcon.colcon_core.environment:checking '/home/aj/maze_solver_ws/install/maze_solver' for CMake module files
[1.444s] Level 1:colcon.colcon_core.environment:checking '/home/aj/maze_solver_ws/install/maze_solver' for CMake config files
[1.445s] Level 1:colcon.colcon_core.environment:checking '/home/aj/maze_solver_ws/install/maze_solver/lib'
[1.445s] Level 1:colcon.colcon_core.environment:checking '/home/aj/maze_solver_ws/install/maze_solver/bin'
[1.445s] Level 1:colcon.colcon_core.environment:checking '/home/aj/maze_solver_ws/install/maze_solver/lib/pkgconfig/maze_solver.pc'
[1.445s] Level 1:colcon.colcon_core.environment:checking '/home/aj/maze_solver_ws/install/maze_solver/lib/python3.10/site-packages'
[1.445s] Level 1:colcon.colcon_core.shell:create_environment_hook('maze_solver', 'pythonpath')
[1.445s] INFO:colcon.colcon_core.shell:Creating environment hook '/home/aj/maze_solver_ws/install/maze_solver/share/maze_solver/hook/pythonpath.ps1'
[1.446s] INFO:colcon.colcon_core.shell:Creating environment descriptor '/home/aj/maze_solver_ws/install/maze_solver/share/maze_solver/hook/pythonpath.dsv'
[1.446s] INFO:colcon.colcon_core.shell:Creating environment hook '/home/aj/maze_solver_ws/install/maze_solver/share/maze_solver/hook/pythonpath.sh'
[1.446s] Level 1:colcon.colcon_core.environment:checking '/home/aj/maze_solver_ws/install/maze_solver/bin'
[1.446s] Level 1:colcon.colcon_core.environment:create_environment_scripts_only(maze_solver)
[1.447s] INFO:colcon.colcon_core.shell:Creating package script '/home/aj/maze_solver_ws/install/maze_solver/share/maze_solver/package.ps1'
[1.448s] INFO:colcon.colcon_core.shell:Creating package descriptor '/home/aj/maze_solver_ws/install/maze_solver/share/maze_solver/package.dsv'
[1.448s] INFO:colcon.colcon_core.shell:Creating package script '/home/aj/maze_solver_ws/install/maze_solver/share/maze_solver/package.sh'
[1.449s] INFO:colcon.colcon_core.shell:Creating package script '/home/aj/maze_solver_ws/install/maze_solver/share/maze_solver/package.bash'
[1.449s] INFO:colcon.colcon_core.shell:Creating package script '/home/aj/maze_solver_ws/install/maze_solver/share/maze_solver/package.zsh'
[1.450s] Level 1:colcon.colcon_core.environment:create_file_with_runtime_dependencies(/home/aj/maze_solver_ws/install/maze_solver/share/colcon-core/packages/maze_solver)
[1.450s] DEBUG:colcon.colcon_parallel_executor.executor.parallel:closing loop
[1.450s] DEBUG:colcon.colcon_parallel_executor.executor.parallel:loop closed
[1.450s] DEBUG:colcon.colcon_parallel_executor.executor.parallel:run_until_complete finished with '0'
[1.450s] DEBUG:colcon.colcon_core.event_reactor:joining thread
[1.455s] INFO:colcon.colcon_core.plugin_system:Skipping extension 'colcon_notification.desktop_notification.terminal_notifier': Not used on non-Darwin systems
[1.455s] INFO:colcon.colcon_core.plugin_system:Skipping extension 'colcon_notification.desktop_notification.win32': Not used on non-Windows systems
[1.455s] INFO:colcon.colcon_notification.desktop_notification:Sending desktop notification using 'notify2'
[1.467s] DEBUG:colcon.colcon_core.event_reactor:joined thread
[1.468s] INFO:colcon.colcon_core.shell:Creating prefix script '/home/aj/maze_solver_ws/install/local_setup.ps1'
[1.469s] INFO:colcon.colcon_core.shell:Creating prefix util module '/home/aj/maze_solver_ws/install/_local_setup_util_ps1.py'
[1.470s] INFO:colcon.colcon_core.shell:Creating prefix chain script '/home/aj/maze_solver_ws/install/setup.ps1'
[1.471s] INFO:colcon.colcon_core.shell:Creating prefix script '/home/aj/maze_solver_ws/install/local_setup.sh'
[1.471s] INFO:colcon.colcon_core.shell:Creating prefix util module '/home/aj/maze_solver_ws/install/_local_setup_util_sh.py'
[1.472s] INFO:colcon.colcon_core.shell:Creating prefix chain script '/home/aj/maze_solver_ws/install/setup.sh'
[1.473s] INFO:colcon.colcon_core.shell:Creating prefix script '/home/aj/maze_solver_ws/install/local_setup.bash'
[1.473s] INFO:colcon.colcon_core.shell:Creating prefix chain script '/home/aj/maze_solver_ws/install/setup.bash'
[1.474s] INFO:colcon.colcon_core.shell:Creating prefix script '/home/aj/maze_solver_ws/install/local_setup.zsh'
[1.474s] INFO:colcon.colcon_core.shell:Creating prefix chain script '/home/aj/maze_solver_ws/install/setup.zsh'
